{"D:\\myProjects\\courseAngular\\hw11\\test\\src\\fibonacci.js": {"path":"D:\\myProjects\\courseAngular\\hw11\\test\\src\\fibonacci.js","statementMap":{"0":{"start":{"line":3,"column":17},"end":{"line":3,"column":23}},"1":{"start":{"line":5,"column":6},"end":{"line":16,"column":7}},"2":{"start":{"line":7,"column":10},"end":{"line":7,"column":53}},"3":{"start":{"line":9,"column":15},"end":{"line":16,"column":7}},"4":{"start":{"line":10,"column":10},"end":{"line":10,"column":38}},"5":{"start":{"line":12,"column":10},"end":{"line":14,"column":9}},"6":{"start":{"line":12,"column":23},"end":{"line":12,"column":24}},"7":{"start":{"line":13,"column":12},"end":{"line":13,"column":79}},"8":{"start":{"line":15,"column":10},"end":{"line":15,"column":24}},"9":{"start":{"line":20,"column":0},"end":{"line":22,"column":1}}},"fnMap":{"0":{"name":"fibonacci","decl":{"start":{"line":1,"column":9},"end":{"line":1,"column":18}},"loc":{"start":{"line":1,"column":24},"end":{"line":17,"column":3}},"line":1}},"branchMap":{"0":{"loc":{"start":{"line":5,"column":6},"end":{"line":16,"column":7}},"type":"if","locations":[{"start":{"line":5,"column":6},"end":{"line":16,"column":7}},{"start":{"line":5,"column":6},"end":{"line":16,"column":7}}],"line":5},"1":{"loc":{"start":{"line":9,"column":15},"end":{"line":16,"column":7}},"type":"if","locations":[{"start":{"line":9,"column":15},"end":{"line":16,"column":7}},{"start":{"line":9,"column":15},"end":{"line":16,"column":7}}],"line":9}},"s":{"0":5,"1":5,"2":1,"3":4,"4":2,"5":2,"6":2,"7":3,"8":2,"9":1},"f":{"0":5},"b":{"0":[1,4],"1":[2,2]},"_coverageSchema":"43e27e138ebf9cfc5966b082cf9a028302ed4184","hash":"d41af4de0c895e30eb68fcd37d996a54ecea7307"}
}
